time="2022-07-23T00:09:12+03:00" level=info msg=fasf func="main.main()" file="main.go:14"
time="2022-07-23T00:09:12+03:00" level=info msg=pokp func="main.main()" file="main.go:15"
time="2022-07-23T00:09:22+03:00" level=info msg=fasf func="main.main()" file="main.go:14"
time="2022-07-23T00:09:22+03:00" level=info msg=pokp func="main.main()" file="main.go:15"
time="2022-07-23T00:09:36+03:00" level=info msg=fasf func="main.main()" file="main.go:14"
time="2022-07-23T00:09:36+03:00" level=info msg=pokp func="main.main()" file="main.go:15"
time="2022-07-27T20:52:41+03:00" level=info msg="read config" func="github.com/UpBonent/news/src/layers/domain.GetConfig.func1()" file="get_config.go in line:33"
time="2022-07-27T20:52:41+03:00" level=error msg="Problem with read config: <nil>" func="github.com/UpBonent/news/src/layers/domain.GetConfig.func1()" file="get_config.go in line:42"
time="2022-07-27T20:57:12+03:00" level=info msg="read config" func="github.com/UpBonent/news/src/layers/domain.GetConfig.func1()" file="get_config.go in line:33"
time="2022-07-27T20:57:12+03:00" level=error msg="Problem with read config: <nil>" func="github.com/UpBonent/news/src/layers/domain.GetConfig.func1()" file="get_config.go in line:42"
time="2022-07-27T21:00:32+03:00" level=info msg="read config" func="github.com/UpBonent/news/src/layers/domain.GetConfig.func1()" file="get_config.go in line:33"
time="2022-07-27T21:00:32+03:00" level=error msg="Problem with read config: <nil>" func="github.com/UpBonent/news/src/layers/domain.GetConfig.func1()" file="get_config.go in line:42"
time="2022-07-27T21:01:40+03:00" level=info msg="read config" func="github.com/UpBonent/news/src/layers/domain.GetConfig.func1()" file="get_config.go in line:33"
time="2022-07-27T21:01:40+03:00" level=error msg="Problem with read config: <nil>" func="github.com/UpBonent/news/src/layers/domain.GetConfig.func1()" file="get_config.go in line:42"
time="2022-07-27T21:02:35+03:00" level=info msg="read config" func="github.com/UpBonent/news/src/layers/domain.GetConfig.func1()" file="get_config.go in line:33"
time="2022-07-27T21:02:35+03:00" level=error msg="Problem with read config: <nil>" func="github.com/UpBonent/news/src/layers/domain.GetConfig.func1()" file="get_config.go in line:42"
time="2022-07-27T21:05:04+03:00" level=info msg="read config" func="github.com/UpBonent/news/src/layers/domain.GetConfig.func1()" file="get_config.go in line:33"
time="2022-07-27T21:05:04+03:00" level=error msg="Problem with read config: <nil>" func="github.com/UpBonent/news/src/layers/domain.GetConfig.func1()" file="get_config.go in line:42"
time="2022-07-30T17:50:12+03:00" level=info msg="read config" func="github.com/UpBonent/news/src/layers/domain.GetConfig.func1()" file="get_config.go in line:33"
time="2022-07-30T17:50:12+03:00" level=error msg="Problem with read config: <nil>" func="github.com/UpBonent/news/src/layers/domain.GetConfig.func1()" file="get_config.go in line:42"
time="2022-07-30T17:57:55+03:00" level=info msg="read config" func="github.com/UpBonent/news/src/layers/domain.GetConfig.func1()" file="get_config.go in line:33"
time="2022-07-30T17:57:55+03:00" level=error msg="Problem with read config: <nil>" func="github.com/UpBonent/news/src/layers/domain.GetConfig.func1()" file="get_config.go in line:42"
time="2022-07-30T17:58:21+03:00" level=info msg="read config" func="github.com/UpBonent/news/src/layers/domain.GetConfig.func1()" file="get_config.go in line:33"
time="2022-07-30T17:58:21+03:00" level=error msg="Problem with read config: <nil>" func="github.com/UpBonent/news/src/layers/domain.GetConfig.func1()" file="get_config.go in line:42"
time="2022-07-30T18:02:43+03:00" level=info msg="read config" func="github.com/UpBonent/news/src/layers/domain.GetConfig.func1()" file="get_config.go in line:33"
time="2022-07-30T18:02:43+03:00" level=error msg="Problem with read config: <nil>" func="github.com/UpBonent/news/src/layers/domain.GetConfig.func1()" file="get_config.go in line:42"
time="2022-07-30T18:06:04+03:00" level=info msg="read config" func="github.com/UpBonent/news/src/layers/domain.GetConfig.func1()" file="get_config.go in line:33"
time="2022-07-30T18:06:04+03:00" level=error msg="Problem with read config: <nil>" func="github.com/UpBonent/news/src/layers/domain.GetConfig.func1()" file="get_config.go in line:42"
time="2022-07-30T20:16:00+03:00" level=info msg="read config" func="github.com/UpBonent/news/src/layers/domain.GetConfig.func1()" file="get_config.go in line:33"
time="2022-07-30T20:16:00+03:00" level=error msg="Problem with read config: <nil>" func="github.com/UpBonent/news/src/layers/domain.GetConfig.func1()" file="get_config.go in line:42"
time="2022-07-30T20:16:56+03:00" level=info msg="read config" func="github.com/UpBonent/news/src/layers/domain.GetConfig.func1()" file="get_config.go in line:33"
time="2022-07-30T20:16:56+03:00" level=error msg="Problem with read config: <nil>" func="github.com/UpBonent/news/src/layers/domain.GetConfig.func1()" file="get_config.go in line:42"
time="2022-07-30T20:26:40+03:00" level=info msg="read config" func="github.com/UpBonent/news/src/layers/domain.GetConfig.func1()" file="get_config.go in line:33"
time="2022-07-30T20:26:40+03:00" level=error msg="Problem with read config: <nil>" func="github.com/UpBonent/news/src/layers/domain.GetConfig.func1()" file="get_config.go in line:42"
time="2022-07-30T21:18:51+03:00" level=info msg="read config" func="github.com/UpBonent/news/src/layers/domain.GetConfig.func1()" file="get_config.go in line:33"
time="2022-07-30T21:18:51+03:00" level=error msg="Problem with read config: <nil>" func="github.com/UpBonent/news/src/layers/domain.GetConfig.func1()" file="get_config.go in line:42"
time="2022-07-30T22:51:48+03:00" level=info msg="read config" func="github.com/UpBonent/news/src/layers/domain.GetConfig.func1()" file="get_config.go in line:33"
time="2022-07-30T22:51:48+03:00" level=error msg="Problem with read config: <nil>" func="github.com/UpBonent/news/src/layers/domain.GetConfig.func1()" file="get_config.go in line:42"
time="2022-08-01T18:04:01+03:00" level=info msg="read config" func="github.com/UpBonent/news/src/layers/domain.GetConfig.func1()" file="get_config.go in line:33"
time="2022-08-01T18:04:01+03:00" level=error msg="Problem with read config: <nil>" func="github.com/UpBonent/news/src/layers/domain.GetConfig.func1()" file="get_config.go in line:42"
time="2022-08-01T18:04:28+03:00" level=info msg="read config" func="github.com/UpBonent/news/src/layers/domain.GetConfig.func1()" file="get_config.go in line:33"
time="2022-08-01T18:04:28+03:00" level=error msg="Problem with read config: <nil>" func="github.com/UpBonent/news/src/layers/domain.GetConfig.func1()" file="get_config.go in line:42"
time="2022-08-01T18:05:28+03:00" level=info msg="read config" func="github.com/UpBonent/news/src/layers/domain.GetConfig.func1()" file="get_config.go in line:33"
time="2022-08-01T18:05:28+03:00" level=error msg="Problem with read config: <nil>" func="github.com/UpBonent/news/src/layers/domain.GetConfig.func1()" file="get_config.go in line:42"
time="2022-08-01T18:21:58+03:00" level=info msg="read config" func="github.com/UpBonent/news/src/layers/domain.GetConfig.func1()" file="get_config.go in line:33"
time="2022-08-01T18:21:58+03:00" level=error msg="Problem with read config: <nil>" func="github.com/UpBonent/news/src/layers/domain.GetConfig.func1()" file="get_config.go in line:42"
time="2022-08-01T18:24:58+03:00" level=info msg="read config" func="github.com/UpBonent/news/src/layers/domain.GetConfig.func1()" file="get_config.go in line:33"
time="2022-08-01T18:24:58+03:00" level=error msg="Problem with read config: <nil>" func="github.com/UpBonent/news/src/layers/domain.GetConfig.func1()" file="get_config.go in line:42"
time="2022-08-01T18:38:32+03:00" level=info msg="read config" func="github.com/UpBonent/news/src/layers/domain.GetConfig.func1()" file="get_config.go in line:33"
time="2022-08-01T18:38:32+03:00" level=error msg="Problem with read config: <nil>" func="github.com/UpBonent/news/src/layers/domain.GetConfig.func1()" file="get_config.go in line:42"
time="2022-08-04T01:19:04+03:00" level=info msg="Logger exec" func="main.main()" file="main.go in line:36"
time="2022-08-04T01:19:04+03:00" level=info msg="Logger exec" func="main.main()" file="main.go in line:36"
time="2022-08-04T01:19:35+03:00" level=info msg="Logger exec" func="main.main()" file="main.go in line:36"
time="2022-08-04T01:19:35+03:00" level=info msg="Logger exec" func="main.main()" file="main.go in line:36"
time="2022-08-04T01:20:34+03:00" level=info msg="Logger exec" func="main.main()" file="main.go in line:36"
time="2022-08-04T01:20:34+03:00" level=info msg="Logger exec" func="main.main()" file="main.go in line:36"
time="2022-08-04T01:20:50+03:00" level=info msg="Logger exec" func="main.main()" file="main.go in line:36"
time="2022-08-04T01:20:50+03:00" level=info msg="Logger exec" func="main.main()" file="main.go in line:36"
